<?xml version="1.0" encoding="UTF-8"?>
<testsuite xmlns:xsi="http://www.w3.org/2001/XMLSchema-instance" xsi:noNamespaceSchemaLocation="https://maven.apache.org/surefire/maven-surefire-plugin/xsd/surefire-test-report.xsd" version="3.0.2" name="rest_spring_boot_with_java.RestSpringBootWithJavaApplicationTests" time="7.603" tests="1" errors="0" skipped="0" failures="0">
  <properties>
[...]
</properties>
  <testcase name="contextLoads" classname="rest_spring_boot_with_java.RestSpringBootWithJavaApplicationTests" time="0.984">
    <system-out><![CDATA[15:28:13.017 [main] INFO org.springframework.test.context.support.AnnotationConfigContextLoaderUtils -- Could not detect default configuration classes for test class [rest_spring_boot_with_java.RestSpringBootWithJavaApplicationTests]: RestSpringBootWithJavaApplicationTests does not declare any static, non-private, non-final, nested classes annotated with @Configuration.
15:28:13.147 [main] INFO org.springframework.boot.test.context.SpringBootTestContextBootstrapper -- Found @SpringBootConfiguration rest_spring_boot_with_java.RestSpringBootWithJavaApplication for test class rest_spring_boot_with_java.RestSpringBootWithJavaApplicationTests
15:28:13.403 [main] INFO org.springframework.boot.devtools.restart.RestartApplicationListener -- Restart disabled due to context in which it is running

  .   ____          _            __ _ _
 /\\ / ___'_ __ _ _(_)_ __  __ _ \ \ \ \
( ( )\___ | '_ | '_| | '_ \/ _` | \ \ \ \
 \\/  ___)| |_)| | | | | || (_| |  ) ) ) )
  '  |____| .__|_| |_|_| |_\__, | / / / /
 =========|_|==============|___/=/_/_/_/

 :: Spring Boot ::                (v3.4.0)

2026-05-28T15:28:13.876-03:00  INFO 21688 --- [rest-spring-boot-with-java] [           main] r.RestSpringBootWithJavaApplicationTests : Starting RestSpringBootWithJavaApplicationTests using Java 21.0.10 with PID 21688 (started by s.santos.pimenta in C:\Users\s.santos.pimenta\estudos\rest-spring-boot-with-java)
2026-05-28T15:28:13.878-03:00  INFO 21688 --- [rest-spring-boot-with-java] [           main] r.RestSpringBootWithJavaApplicationTests : No active profile set, falling back to 1 default profile: "default"
2026-05-28T15:28:15.356-03:00  INFO 21688 --- [rest-spring-boot-with-java] [           main] .s.d.r.c.RepositoryConfigurationDelegate : Bootstrapping Spring Data JPA repositories in DEFAULT mode.
2026-05-28T15:28:15.396-03:00  INFO 21688 --- [rest-spring-boot-with-java] [           main] .s.d.r.c.RepositoryConfigurationDelegate : Finished Spring Data repository scanning in 22 ms. Found 0 JPA repository interfaces.
2026-05-28T15:28:16.114-03:00  INFO 21688 --- [rest-spring-boot-with-java] [           main] o.hibernate.jpa.internal.util.LogHelper  : HHH000204: Processing PersistenceUnitInfo [name: default]
2026-05-28T15:28:16.244-03:00  INFO 21688 --- [rest-spring-boot-with-java] [           main] org.hibernate.Version                    : HHH000412: Hibernate ORM core version 6.6.2.Final
2026-05-28T15:28:16.304-03:00  INFO 21688 --- [rest-spring-boot-with-java] [           main] o.h.c.internal.RegionFactoryInitiator    : HHH000026: Second-level cache disabled
2026-05-28T15:28:16.907-03:00  INFO 21688 --- [rest-spring-boot-with-java] [           main] o.s.o.j.p.SpringPersistenceUnitInfo      : No LoadTimeWeaver setup: ignoring JPA class transformer
2026-05-28T15:28:16.949-03:00  INFO 21688 --- [rest-spring-boot-with-java] [           main] com.zaxxer.hikari.HikariDataSource       : HikariPool-1 - Starting...
2026-05-28T15:28:17.763-03:00  INFO 21688 --- [rest-spring-boot-with-java] [           main] com.zaxxer.hikari.pool.HikariPool        : HikariPool-1 - Added connection com.mysql.cj.jdbc.ConnectionImpl@1f71e024
2026-05-28T15:28:17.765-03:00  INFO 21688 --- [rest-spring-boot-with-java] [           main] com.zaxxer.hikari.HikariDataSource       : HikariPool-1 - Start completed.
2026-05-28T15:28:17.857-03:00  WARN 21688 --- [rest-spring-boot-with-java] [           main] org.hibernate.orm.deprecation            : HHH90000025: MySQLDialect does not need to be specified explicitly using 'hibernate.dialect' (remove the property setting and it will be selected by default)
2026-05-28T15:28:17.881-03:00  INFO 21688 --- [rest-spring-boot-with-java] [           main] org.hibernate.orm.connections.pooling    : HHH10001005: Database info:
	Database JDBC URL [Connecting through datasource 'HikariDataSource (HikariPool-1)']
	Database driver: undefined/unknown
	Database version: 8.0.45
	Autocommit mode: undefined/unknown
	Isolation level: undefined/unknown
	Minimum pool size: undefined/unknown
	Maximum pool size: undefined/unknown
2026-05-28T15:28:18.365-03:00  INFO 21688 --- [rest-spring-boot-with-java] [           main] o.h.e.t.j.p.i.JtaPlatformInitiator       : HHH000489: No JTA platform available (set 'hibernate.transaction.jta.platform' to enable JTA platform integration)
2026-05-28T15:28:18.375-03:00  INFO 21688 --- [rest-spring-boot-with-java] [           main] j.LocalContainerEntityManagerFactoryBean : Initialized JPA EntityManagerFactory for persistence unit 'default'
2026-05-28T15:28:18.668-03:00  WARN 21688 --- [rest-spring-boot-with-java] [           main] JpaBaseConfiguration$JpaWebConfiguration : spring.jpa.open-in-view is enabled by default. Therefore, database queries may be performed during view rendering. Explicitly configure spring.jpa.open-in-view to disable this warning
2026-05-28T15:28:19.415-03:00  INFO 21688 --- [rest-spring-boot-with-java] [           main] r.RestSpringBootWithJavaApplicationTests : Started RestSpringBootWithJavaApplicationTests in 6.029 seconds (process running for 7.232)
]]></system-out>
    <system-err><![CDATA[Mockito is currently self-attaching to enable the inline-mock-maker. This will no longer work in future releases of the JDK. Please add Mockito as an agent to your build what is described in Mockito's documentation: https://javadoc.io/doc/org.mockito/mockito-core/latest/org/mockito/Mockito.html#0.3
WARNING: A Java agent has been loaded dynamically (C:\Users\s.santos.pimenta\.m2\repository-public\net\bytebuddy\byte-buddy-agent\1.15.10\byte-buddy-agent-1.15.10.jar)
WARNING: If a serviceability tool is in use, please run with -XX:+EnableDynamicAgentLoading to hide this warning
WARNING: If a serviceability tool is not in use, please run with -Djdk.instrument.traceUsage for more information
WARNING: Dynamic loading of agents will be disallowed by default in a future release
]]></system-err>
  </testcase>
</testsuite>