<?xml version="1.0" encoding="UTF-8"?>
<testsuite xmlns:xsi="http://www.w3.org/2001/XMLSchema-instance" xsi:noNamespaceSchemaLocation="https://maven.apache.org/surefire/maven-surefire-plugin/xsd/surefire-test-report.xsd" version="3.0.2" name="rest_spring_boot_with_java.RestSpringBootWithJavaApplicationTests" time="3.541" tests="1" errors="0" skipped="0" failures="0">
  <properties>
[...]
</properties>
  <testcase name="contextLoads" classname="rest_spring_boot_with_java.RestSpringBootWithJavaApplicationTests" time="1.071">
    <system-out><![CDATA[15:08:33.568 [main] INFO org.springframework.test.context.support.AnnotationConfigContextLoaderUtils -- Could not detect default configuration classes for test class [rest_spring_boot_with_java.RestSpringBootWithJavaApplicationTests]: RestSpringBootWithJavaApplicationTests does not declare any static, non-private, non-final, nested classes annotated with @Configuration.
15:08:33.701 [main] INFO org.springframework.boot.test.context.SpringBootTestContextBootstrapper -- Found @SpringBootConfiguration rest_spring_boot_with_java.RestSpringBootWithJavaApplication for test class rest_spring_boot_with_java.RestSpringBootWithJavaApplicationTests
15:08:33.960 [main] INFO org.springframework.boot.devtools.restart.RestartApplicationListener -- Restart disabled due to context in which it is running

  .   ____          _            __ _ _
 /\\ / ___'_ __ _ _(_)_ __  __ _ \ \ \ \
( ( )\___ | '_ | '_| | '_ \/ _` | \ \ \ \
 \\/  ___)| |_)| | | | | || (_| |  ) ) ) )
  '  |____| .__|_| |_|_| |_\__, | / / / /
 =========|_|==============|___/=/_/_/_/

 :: Spring Boot ::                (v3.4.0)

2026-05-22T15:08:34.388-03:00  INFO 14176 --- [rest-spring-boot-with-java] [           main] r.RestSpringBootWithJavaApplicationTests : Starting RestSpringBootWithJavaApplicationTests using Java 21.0.11 with PID 14176 (started by s.santos.pimenta in C:\Users\s.santos.pimenta\estudos\rest-spring-boot-with-java)
2026-05-22T15:08:34.389-03:00  INFO 14176 --- [rest-spring-boot-with-java] [           main] r.RestSpringBootWithJavaApplicationTests : No active profile set, falling back to 1 default profile: "default"
2026-05-22T15:08:35.791-03:00  INFO 14176 --- [rest-spring-boot-with-java] [           main] r.RestSpringBootWithJavaApplicationTests : Started RestSpringBootWithJavaApplicationTests in 1.853 seconds (process running for 3.609)
]]></system-out>
    <system-err><![CDATA[Mockito is currently self-attaching to enable the inline-mock-maker. This will no longer work in future releases of the JDK. Please add Mockito as an agent to your build what is described in Mockito's documentation: https://javadoc.io/doc/org.mockito/mockito-core/latest/org/mockito/Mockito.html#0.3
WARNING: A Java agent has been loaded dynamically (C:\Users\s.santos.pimenta\.m2\repository-public\net\bytebuddy\byte-buddy-agent\1.15.10\byte-buddy-agent-1.15.10.jar)
WARNING: If a serviceability tool is in use, please run with -XX:+EnableDynamicAgentLoading to hide this warning
WARNING: If a serviceability tool is not in use, please run with -Djdk.instrument.traceUsage for more information
WARNING: Dynamic loading of agents will be disallowed by default in a future release
]]></system-err>
  </testcase>
</testsuite>